subprojects/libjdwp-remote/build/intermediates/manifest_merge_blame_file/v8Release/processV8ReleaseManifest/manifest-merger-blame-v8-release-report.txt
1<?xml version="1.0" encoding="utf-8"?>
2<manifest xmlns:android="http://schemas.android.com/apk/res/android"
3    package="com.itsaky.androidide.libjdwp.remote" >
4
5    <uses-sdk android:minSdkVersion="16" />
6
7    <queries>
7-->src/main/AndroidManifest.xml:4:5-6:15
8        <package android:name="com.itsaky.androidide" />
8-->src/main/AndroidManifest.xml:5:9-57
8-->src/main/AndroidManifest.xml:5:18-54
9    </queries>
10
11    <uses-permission android:name="android.permission.INTERNET" />
11-->src/main/AndroidManifest.xml:8:5-67
11-->src/main/AndroidManifest.xml:8:22-64
12    <uses-permission android:name="org.adfa.cogo.debugger.DEBUGGER" />
12-->src/main/AndroidManifest.xml:9:5-71
12-->src/main/AndroidManifest.xml:9:22-68
13
14</manifest>